<?xml version="1.0" encoding="UTF-8"?>
<!-- Generated by org.testng.reporters.JUnitReportReporter -->
<testsuite hostname="DESKTOP-UGH84BL" failures="0" tests="4" name="runner.TestRunner" time="93.899" errors="0" timestamp="2024-10-18T16:27:08 IST" skipped="0">
  <testcase classname="runner.TestRunner" name="runScenario" time="23.818"/>
  <testcase classname="runner.TestRunner" name="runScenario" time="24.463"/>
  <testcase classname="runner.TestRunner" name="runScenario" time="23.226"/>
  <testcase classname="runner.TestRunner" name="runScenario" time="22.392"/>
</testsuite> <!-- runner.TestRunner -->
